<?xml version="1.0" encoding="UTF-8"?>
<!-- Generated by org.testng.reporters.JUnitXMLReporter -->
<testsuite ignored="0" hostname="LAPTOP-9A2JKNC7" failures="0" tests="3" name="Default test" time="14.183" errors="0" timestamp="2025-11-09T10:58:15 IST">
  <testcase classname="com.assignment.TestCases.TC_loginPage" name="verifyTitleOfPage" time="4.457"/>
  <testcase classname="com.assignment.TestCases.TC_loginPage" name="verifyLoginInValidemail" time="3.533"/>
  <testcase classname="com.assignment.TestCases.TC_loginPage" name="verifyLoginValidemail" time="4.6"/>
</testsuite> <!-- Default test -->
