<?xml version="1.0" encoding="UTF-8"?>
<!-- Generated by org.testng.reporters.JUnitReportReporter -->
<testsuite hostname="LAPTOP-9A2JKNC7" failures="0" tests="3" name="com.assignment.TestCases.TC_loginPage" time="12.590" errors="0" timestamp="2025-11-09T10:58:15 IST" skipped="0">
  <testcase classname="com.assignment.TestCases.TC_loginPage" name="verifyTitleOfPage" time="4.457"/>
  <testcase classname="com.assignment.TestCases.TC_loginPage" name="verifyLoginInValidemail" time="3.533"/>
  <testcase classname="com.assignment.TestCases.TC_loginPage" name="verifyLoginValidemail" time="4.600"/>
</testsuite> <!-- com.assignment.TestCases.TC_loginPage -->
